<?xml version="1.0" encoding="UTF-8"?>
<testng-results skipped="0" failed="0" ignored="0" total="2" passed="2">
  <reporter-output>
  </reporter-output>
  <suite name="Default suite" duration-ms="27952" started-at="2021-07-27T13:30:02Z" finished-at="2021-07-27T13:30:30Z">
    <groups>
    </groups>
    <test name="Default test" duration-ms="27952" started-at="2021-07-27T13:30:02Z" finished-at="2021-07-27T13:30:30Z">
      <class name="com.org.TestPages.InputFormsTest">
        <test-method status="PASS" signature="setup()[pri:0, instance:com.org.TestPages.InputFormsTest@617faa95]" name="setup" is-config="true" duration-ms="7376" started-at="2021-07-27T13:30:02Z" finished-at="2021-07-27T13:30:09Z">
          <reporter-output>
          </reporter-output>
        </test-method> <!-- setup -->
        <test-method status="PASS" signature="checkboxTest()[pri:1, instance:com.org.TestPages.InputFormsTest@617faa95]" name="checkboxTest" duration-ms="4518" started-at="2021-07-27T13:30:09Z" finished-at="2021-07-27T13:30:14Z">
          <reporter-output>
          </reporter-output>
        </test-method> <!-- checkboxTest -->
        <test-method status="PASS" signature="setup()[pri:0, instance:com.org.TestPages.InputFormsTest@617faa95]" name="setup" is-config="true" duration-ms="8772" started-at="2021-07-27T13:30:14Z" finished-at="2021-07-27T13:30:23Z">
          <reporter-output>
          </reporter-output>
        </test-method> <!-- setup -->
        <test-method status="PASS" signature="selectdropdownTest()[pri:2, instance:com.org.TestPages.InputFormsTest@617faa95]" name="selectdropdownTest" duration-ms="6930" started-at="2021-07-27T13:30:23Z" finished-at="2021-07-27T13:30:30Z">
          <reporter-output>
          </reporter-output>
        </test-method> <!-- selectdropdownTest -->
        <test-method status="PASS" signature="quit()[pri:0, instance:com.org.TestPages.InputFormsTest@617faa95]" name="quit" is-config="true" duration-ms="294" started-at="2021-07-27T13:30:30Z" finished-at="2021-07-27T13:30:30Z">
          <reporter-output>
          </reporter-output>
        </test-method> <!-- quit -->
      </class> <!-- com.org.TestPages.InputFormsTest -->
    </test> <!-- Default test -->
  </suite> <!-- Default suite -->
</testng-results>
