<?xml version="1.0" encoding="UTF-8"?>
<testng-results ignored="4" total="5" passed="1" failed="0" skipped="0">
  <reporter-output>
  </reporter-output>
  <suite started-at="2021-07-29T13:59:14 IST" name="Default suite" finished-at="2021-07-29T14:00:15 IST" duration-ms="61006">
    <groups>
    </groups>
    <test started-at="2021-07-29T13:59:14 IST" name="Default test" finished-at="2021-07-29T14:00:15 IST" duration-ms="61006">
      <class name="com.org.TestPages.InputFormsTest">
        <test-method is-config="true" signature="setup()[pri:0, instance:com.org.TestPages.InputFormsTest@70e8f8e]" started-at="2021-07-29T13:59:14 IST" name="setup" finished-at="2021-07-29T14:00:01 IST" duration-ms="46796" status="PASS">
          <reporter-output>
          </reporter-output>
        </test-method> <!-- setup -->
        <test-method signature="ajaxFormSubmitTest()[pri:0, instance:com.org.TestPages.InputFormsTest@70e8f8e]" started-at="2021-07-29T14:00:01 IST" name="ajaxFormSubmitTest" finished-at="2021-07-29T14:00:09 IST" duration-ms="8226" status="PASS">
          <reporter-output>
          </reporter-output>
        </test-method> <!-- ajaxFormSubmitTest -->
        <test-method is-config="true" signature="tearDown()[pri:0, instance:com.org.TestPages.InputFormsTest@70e8f8e]" started-at="2021-07-29T14:00:09 IST" name="tearDown" finished-at="2021-07-29T14:00:15 IST" duration-ms="5916" status="PASS">
          <reporter-output>
          </reporter-output>
        </test-method> <!-- tearDown -->
      </class> <!-- com.org.TestPages.InputFormsTest -->
    </test> <!-- Default test -->
  </suite> <!-- Default suite -->
</testng-results>
