<?xml version="1.0" encoding="UTF-8"?>
<!-- Generated by org.testng.reporters.JUnitXMLReporter -->
<testsuite ignored="0" hostname="DESKTOP-I3BCL79" failures="0" tests="3" name="Default test" time="72.892" errors="0" timestamp="2021-07-28T19:01:22 IST">
  <testcase classname="com.org.TestPages.InputFormsTest" name="getTotalTest" time="8.815"/>
  <testcase classname="com.org.TestPages.InputFormsTest" name="checkboxTest" time="11.264"/>
  <testcase classname="com.org.TestPages.InputFormsTest" name="selectdropdownTest" time="7.595"/>
</testsuite> <!-- Default test -->
