<?xml version="1.0" encoding="UTF-8"?>
<!-- Generated by org.testng.reporters.JUnitXMLReporter -->
<testsuite ignored="4" hostname="DESKTOP-I3BCL79" failures="0" tests="1" name="Default test" time="61.006" errors="0" timestamp="2021-07-29T14:00:15 IST">
  <testcase classname="com.org.TestPages.InputFormsTest" name="ajaxFormSubmitTest" time="8.226"/>
  <testcase classname="com.org.TestPages.InputFormsTest" name="selectRadioButtonTest" time="0.0">
    <ignored/>
  </testcase> <!-- selectRadioButtonTest -->
  <testcase classname="com.org.TestPages.InputFormsTest" name="selectdropdownTest" time="0.0">
    <ignored/>
  </testcase> <!-- selectdropdownTest -->
  <testcase classname="com.org.TestPages.InputFormsTest" name="checkboxTest" time="0.0">
    <ignored/>
  </testcase> <!-- checkboxTest -->
  <testcase classname="com.org.TestPages.InputFormsTest" name="getTotalTest" time="0.0">
    <ignored/>
  </testcase> <!-- getTotalTest -->
</testsuite> <!-- Default test -->
